build/app/intermediates/manifest_merge_blame_file/debug/manifest-merger-blame-debug-report.txt
1<?xml version="1.0" encoding="utf-8"?>
2<manifest xmlns:android="http://schemas.android.com/apk/res/android"
3    package="com.example.chatapp_firebase"
4    android:versionCode="1"
5    android:versionName="1.0.0" >
6
7    <uses-sdk
8        android:minSdkVersion="21"
9        android:targetSdkVersion="31" />
10    <!--
11         The INTERNET permission is required for development. Specifically,
12         the Flutter tool needs it to communicate with the running application
13         to allow setting breakpoints, to provide hot reload, etc.
14    -->
15    <uses-permission android:name="android.permission.INTERNET" />
15-->src\debug\AndroidManifest.xml:7:5-66
15-->src\debug\AndroidManifest.xml:7:22-64
16
17    <queries>
17-->[:twitter_login] AndroidManifest.xml:9:5-13:15
18        <intent>
18-->[:twitter_login] AndroidManifest.xml:10:9-12:18
19            <action android:name="android.support.customtabs.action.CustomTabsService" />
19-->[:twitter_login] AndroidManifest.xml:11:13-90
19-->[:twitter_login] AndroidManifest.xml:11:21-87
20        </intent>
21
22        <package android:name="com.facebook.katana" />
22-->[com.facebook.android:facebook-common:14.1.1] AndroidManifest.xml:30:9-55
22-->[com.facebook.android:facebook-common:14.1.1] AndroidManifest.xml:30:18-52
23    </queries>
24
25    <uses-permission android:name="android.permission.ACCESS_NETWORK_STATE" />
25-->[com.google.firebase:firebase-auth:21.1.0] AndroidManifest.xml:24:5-79
25-->[com.google.firebase:firebase-auth:21.1.0] AndroidManifest.xml:24:22-76
26    <uses-permission android:name="com.google.android.gms.permission.AD_ID" />
26-->[com.facebook.android:facebook-core:14.1.1] AndroidManifest.xml:28:5-79
26-->[com.facebook.android:facebook-core:14.1.1] AndroidManifest.xml:28:22-76
27    <uses-permission android:name="com.google.android.finsky.permission.BIND_GET_INSTALL_REFERRER_SERVICE" />
27-->[com.android.installreferrer:installreferrer:1.0] AndroidManifest.xml:9:5-110
27-->[com.android.installreferrer:installreferrer:1.0] AndroidManifest.xml:9:22-107
28
29    <application
30        android:name="android.app.Application"
31        android:appComponentFactory="androidx.core.app.CoreComponentFactory"
31-->[androidx.core:core:1.8.0] AndroidManifest.xml:24:18-86
32        android:debuggable="true"
33        android:icon="@mipmap/ic_launcher"
34        android:label="chatapp_firebase"
35        android:supportsRtl="true" >
35-->[com.facebook.android:facebook-login:14.1.1] AndroidManifest.xml:28:18-44
36        <activity
37            android:name="com.example.chatapp_firebase.MainActivity"
38            android:configChanges="orientation|keyboardHidden|keyboard|screenSize|smallestScreenSize|locale|layoutDirection|fontScale|screenLayout|density|uiMode"
39            android:exported="true"
40            android:hardwareAccelerated="true"
41            android:launchMode="singleTop"
42            android:theme="@style/LaunchTheme"
43            android:windowSoftInputMode="adjustResize" >
44
45            <!--
46                 Specifies an Android theme to apply to this Activity as soon as
47                 the Android process has started. This theme is visible to the user
48                 while the Flutter UI initializes. After that, this theme continues
49                 to determine the Window background behind the Flutter UI.
50            -->
51            <meta-data
52                android:name="io.flutter.embedding.android.NormalTheme"
53                android:resource="@style/NormalTheme" />
54
55            <intent-filter>
56                <action android:name="android.intent.action.MAIN" />
57
58                <category android:name="android.intent.category.LAUNCHER" />
59            </intent-filter>
60        </activity>
61        <!--
62             Don't delete the meta-data below.
63             This is used by the Flutter tool to generate GeneratedPluginRegistrant.java
64        -->
65        <meta-data
66            android:name="flutterEmbedding"
67            android:value="2" />
68
69        <service
69-->[:firebase_database] AndroidManifest.xml:10:9-14:19
70            android:name="com.google.firebase.components.ComponentDiscoveryService"
70-->[:firebase_database] AndroidManifest.xml:10:18-89
71            android:directBootAware="true"
71-->[com.google.firebase:firebase-common:20.2.0] AndroidManifest.xml:34:13-43
72            android:exported="false" >
72-->[com.google.firebase:firebase-auth:21.1.0] AndroidManifest.xml:66:13-37
73            <meta-data
73-->[:firebase_database] AndroidManifest.xml:11:13-13:85
74                android:name="com.google.firebase.components:io.flutter.plugins.firebase.database.FlutterFirebaseAppRegistrar"
74-->[:firebase_database] AndroidManifest.xml:12:17-127
75                android:value="com.google.firebase.components.ComponentRegistrar" />
75-->[:firebase_database] AndroidManifest.xml:13:17-82
76            <meta-data
76-->[:cloud_firestore] AndroidManifest.xml:11:13-13:85
77                android:name="com.google.firebase.components:io.flutter.plugins.firebase.firestore.FlutterFirebaseFirestoreRegistrar"
77-->[:cloud_firestore] AndroidManifest.xml:12:17-134
78                android:value="com.google.firebase.components.ComponentRegistrar" />
78-->[:cloud_firestore] AndroidManifest.xml:13:17-82
79            <meta-data
79-->[:firebase_dynamic_links] AndroidManifest.xml:13:13-15:85
80                android:name="com.google.firebase.components:io.flutter.plugins.firebase.dynamiclinks.FlutterFirebaseAppRegistrar"
80-->[:firebase_dynamic_links] AndroidManifest.xml:14:17-131
81                android:value="com.google.firebase.components.ComponentRegistrar" />
81-->[:firebase_dynamic_links] AndroidManifest.xml:15:17-82
82            <meta-data
82-->[:firebase_auth] AndroidManifest.xml:11:13-13:85
83                android:name="com.google.firebase.components:io.flutter.plugins.firebase.auth.FlutterFirebaseAuthRegistrar"
83-->[:firebase_auth] AndroidManifest.xml:12:17-124
84                android:value="com.google.firebase.components.ComponentRegistrar" />
84-->[:firebase_auth] AndroidManifest.xml:13:17-82
85            <meta-data
85-->[:firebase_storage] AndroidManifest.xml:11:13-13:85
86                android:name="com.google.firebase.components:io.flutter.plugins.firebase.storage.FlutterFirebaseAppRegistrar"
86-->[:firebase_storage] AndroidManifest.xml:12:17-126
87                android:value="com.google.firebase.components.ComponentRegistrar" />
87-->[:firebase_storage] AndroidManifest.xml:13:17-82
88            <meta-data
88-->[:firebase_core] AndroidManifest.xml:11:13-13:85
89                android:name="com.google.firebase.components:io.flutter.plugins.firebase.core.FlutterFirebaseCoreRegistrar"
89-->[:firebase_core] AndroidManifest.xml:12:17-124
90                android:value="com.google.firebase.components.ComponentRegistrar" />
90-->[:firebase_core] AndroidManifest.xml:13:17-82
91            <meta-data
91-->[com.google.firebase:firebase-auth:21.1.0] AndroidManifest.xml:67:13-69:85
92                android:name="com.google.firebase.components:com.google.firebase.auth.FirebaseAuthRegistrar"
92-->[com.google.firebase:firebase-auth:21.1.0] AndroidManifest.xml:68:17-109
93                android:value="com.google.firebase.components.ComponentRegistrar" />
93-->[com.google.firebase:firebase-auth:21.1.0] AndroidManifest.xml:69:17-82
94            <meta-data
94-->[com.google.firebase:firebase-firestore:24.4.1] AndroidManifest.xml:19:13-21:85
95                android:name="com.google.firebase.components:com.google.firebase.firestore.FirestoreRegistrar"
95-->[com.google.firebase:firebase-firestore:24.4.1] AndroidManifest.xml:20:17-111
96                android:value="com.google.firebase.components.ComponentRegistrar" />
96-->[com.google.firebase:firebase-firestore:24.4.1] AndroidManifest.xml:21:17-82
97            <meta-data
97-->[com.google.firebase:firebase-dynamic-links:21.1.0] AndroidManifest.xml:26:13-28:85
98                android:name="com.google.firebase.components:com.google.firebase.dynamiclinks.internal.FirebaseDynamicLinkRegistrar"
98-->[com.google.firebase:firebase-dynamic-links:21.1.0] AndroidManifest.xml:27:17-133
99                android:value="com.google.firebase.components.ComponentRegistrar" />
99-->[com.google.firebase:firebase-dynamic-links:21.1.0] AndroidManifest.xml:28:17-82
100            <meta-data
100-->[com.google.firebase:firebase-storage:20.1.0] AndroidManifest.xml:32:13-34:85
101                android:name="com.google.firebase.components:com.google.firebase.storage.StorageRegistrar"
101-->[com.google.firebase:firebase-storage:20.1.0] AndroidManifest.xml:33:17-107
102                android:value="com.google.firebase.components.ComponentRegistrar" />
102-->[com.google.firebase:firebase-storage:20.1.0] AndroidManifest.xml:34:17-82
103            <meta-data
103-->[com.google.firebase:firebase-database:20.1.0] AndroidManifest.xml:31:13-33:85
104                android:name="com.google.firebase.components:com.google.firebase.database.DatabaseRegistrar"
104-->[com.google.firebase:firebase-database:20.1.0] AndroidManifest.xml:32:17-109
105                android:value="com.google.firebase.components.ComponentRegistrar" />
105-->[com.google.firebase:firebase-database:20.1.0] AndroidManifest.xml:33:17-82
106        </service>
107
108        <provider
108-->[:image_picker_android] AndroidManifest.xml:10:9-18:20
109            android:name="io.flutter.plugins.imagepicker.ImagePickerFileProvider"
109-->[:image_picker_android] AndroidManifest.xml:11:13-82
110            android:authorities="com.example.chatapp_firebase.flutter.image_provider"
110-->[:image_picker_android] AndroidManifest.xml:12:13-74
111            android:exported="false"
111-->[:image_picker_android] AndroidManifest.xml:13:13-37
112            android:grantUriPermissions="true" >
112-->[:image_picker_android] AndroidManifest.xml:14:13-47
113            <meta-data
113-->[:image_picker_android] AndroidManifest.xml:15:13-17:75
114                android:name="android.support.FILE_PROVIDER_PATHS"
114-->[:image_picker_android] AndroidManifest.xml:16:17-67
115                android:resource="@xml/flutter_image_picker_file_paths" />
115-->[:image_picker_android] AndroidManifest.xml:17:17-72
116        </provider>
117
118        <activity android:name="com.maru.twitter_login.chrome_custom_tabs.ChromeCustomTabsActivity" />
118-->[:twitter_login] AndroidManifest.xml:16:9-103
118-->[:twitter_login] AndroidManifest.xml:16:19-100
119
120        <uses-library
120-->[androidx.window:window:1.0.0-beta04] AndroidManifest.xml:25:9-27:40
121            android:name="androidx.window.extensions"
121-->[androidx.window:window:1.0.0-beta04] AndroidManifest.xml:26:13-54
122            android:required="false" />
122-->[androidx.window:window:1.0.0-beta04] AndroidManifest.xml:27:13-37
123        <uses-library
123-->[androidx.window:window:1.0.0-beta04] AndroidManifest.xml:28:9-30:40
124            android:name="androidx.window.sidecar"
124-->[androidx.window:window:1.0.0-beta04] AndroidManifest.xml:29:13-51
125            android:required="false" />
125-->[androidx.window:window:1.0.0-beta04] AndroidManifest.xml:30:13-37
126
127        <activity
127-->[com.google.firebase:firebase-auth:21.1.0] AndroidManifest.xml:27:9-44:20
128            android:name="com.google.firebase.auth.internal.GenericIdpActivity"
128-->[com.google.firebase:firebase-auth:21.1.0] AndroidManifest.xml:28:13-80
129            android:excludeFromRecents="true"
129-->[com.google.firebase:firebase-auth:21.1.0] AndroidManifest.xml:29:13-46
130            android:exported="true"
130-->[com.google.firebase:firebase-auth:21.1.0] AndroidManifest.xml:30:13-36
131            android:launchMode="singleTask"
131-->[com.google.firebase:firebase-auth:21.1.0] AndroidManifest.xml:31:13-44
132            android:theme="@android:style/Theme.Translucent.NoTitleBar" >
132-->[com.google.firebase:firebase-auth:21.1.0] AndroidManifest.xml:32:13-72
133            <intent-filter>
133-->[com.google.firebase:firebase-auth:21.1.0] AndroidManifest.xml:33:13-43:29
134                <action android:name="android.intent.action.VIEW" />
134-->[com.google.firebase:firebase-auth:21.1.0] AndroidManifest.xml:34:17-69
134-->[com.google.firebase:firebase-auth:21.1.0] AndroidManifest.xml:34:25-66
135
136                <category android:name="android.intent.category.DEFAULT" />
136-->[com.google.firebase:firebase-auth:21.1.0] AndroidManifest.xml:36:17-76
136-->[com.google.firebase:firebase-auth:21.1.0] AndroidManifest.xml:36:27-73
137                <category android:name="android.intent.category.BROWSABLE" />
137-->[com.google.firebase:firebase-auth:21.1.0] AndroidManifest.xml:37:17-78
137-->[com.google.firebase:firebase-auth:21.1.0] AndroidManifest.xml:37:27-75
138
139                <data
139-->[com.google.firebase:firebase-auth:21.1.0] AndroidManifest.xml:39:17-42:51
140                    android:host="firebase.auth"
140-->[com.google.firebase:firebase-auth:21.1.0] AndroidManifest.xml:40:21-49
141                    android:path="/"
141-->[com.google.firebase:firebase-auth:21.1.0] AndroidManifest.xml:41:21-37
142                    android:scheme="genericidp" />
142-->[com.google.firebase:firebase-auth:21.1.0] AndroidManifest.xml:42:21-48
143            </intent-filter>
144        </activity>
145        <activity
145-->[com.google.firebase:firebase-auth:21.1.0] AndroidManifest.xml:45:9-62:20
146            android:name="com.google.firebase.auth.internal.RecaptchaActivity"
146-->[com.google.firebase:firebase-auth:21.1.0] AndroidManifest.xml:46:13-79
147            android:excludeFromRecents="true"
147-->[com.google.firebase:firebase-auth:21.1.0] AndroidManifest.xml:47:13-46
148            android:exported="true"
148-->[com.google.firebase:firebase-auth:21.1.0] AndroidManifest.xml:48:13-36
149            android:launchMode="singleTask"
149-->[com.google.firebase:firebase-auth:21.1.0] AndroidManifest.xml:49:13-44
150            android:theme="@android:style/Theme.Translucent.NoTitleBar" >
150-->[com.google.firebase:firebase-auth:21.1.0] AndroidManifest.xml:50:13-72
151            <intent-filter>
151-->[com.google.firebase:firebase-auth:21.1.0] AndroidManifest.xml:51:13-61:29
152                <action android:name="android.intent.action.VIEW" />
152-->[com.google.firebase:firebase-auth:21.1.0] AndroidManifest.xml:34:17-69
152-->[com.google.firebase:firebase-auth:21.1.0] AndroidManifest.xml:34:25-66
153
154                <category android:name="android.intent.category.DEFAULT" />
154-->[com.google.firebase:firebase-auth:21.1.0] AndroidManifest.xml:36:17-76
154-->[com.google.firebase:firebase-auth:21.1.0] AndroidManifest.xml:36:27-73
155                <category android:name="android.intent.category.BROWSABLE" />
155-->[com.google.firebase:firebase-auth:21.1.0] AndroidManifest.xml:37:17-78
155-->[com.google.firebase:firebase-auth:21.1.0] AndroidManifest.xml:37:27-75
156
157                <data
157-->[com.google.firebase:firebase-auth:21.1.0] AndroidManifest.xml:39:17-42:51
158                    android:host="firebase.auth"
158-->[com.google.firebase:firebase-auth:21.1.0] AndroidManifest.xml:40:21-49
159                    android:path="/"
159-->[com.google.firebase:firebase-auth:21.1.0] AndroidManifest.xml:41:21-37
160                    android:scheme="recaptcha" />
160-->[com.google.firebase:firebase-auth:21.1.0] AndroidManifest.xml:42:21-48
161            </intent-filter>
162        </activity>
163
164        <provider
164-->[com.google.firebase:firebase-common:20.2.0] AndroidManifest.xml:25:9-30:39
165            android:name="com.google.firebase.provider.FirebaseInitProvider"
165-->[com.google.firebase:firebase-common:20.2.0] AndroidManifest.xml:26:13-77
166            android:authorities="com.example.chatapp_firebase.firebaseinitprovider"
166-->[com.google.firebase:firebase-common:20.2.0] AndroidManifest.xml:27:13-72
167            android:directBootAware="true"
167-->[com.google.firebase:firebase-common:20.2.0] AndroidManifest.xml:28:13-43
168            android:exported="false"
168-->[com.google.firebase:firebase-common:20.2.0] AndroidManifest.xml:29:13-37
169            android:initOrder="100" />
169-->[com.google.firebase:firebase-common:20.2.0] AndroidManifest.xml:30:13-36
170
171        <activity
171-->[com.google.android.gms:play-services-auth:20.4.0] AndroidManifest.xml:23:9-27:75
172            android:name="com.google.android.gms.auth.api.signin.internal.SignInHubActivity"
172-->[com.google.android.gms:play-services-auth:20.4.0] AndroidManifest.xml:24:13-93
173            android:excludeFromRecents="true"
173-->[com.google.android.gms:play-services-auth:20.4.0] AndroidManifest.xml:25:13-46
174            android:exported="false"
174-->[com.google.android.gms:play-services-auth:20.4.0] AndroidManifest.xml:26:13-37
175            android:theme="@android:style/Theme.Translucent.NoTitleBar" />
175-->[com.google.android.gms:play-services-auth:20.4.0] AndroidManifest.xml:27:13-72
176        <!--
177            Service handling Google Sign-In user revocation. For apps that do not integrate with
178            Google Sign-In, this service will never be started.
179        -->
180        <service
180-->[com.google.android.gms:play-services-auth:20.4.0] AndroidManifest.xml:33:9-37:51
181            android:name="com.google.android.gms.auth.api.signin.RevocationBoundService"
181-->[com.google.android.gms:play-services-auth:20.4.0] AndroidManifest.xml:34:13-89
182            android:exported="true"
182-->[com.google.android.gms:play-services-auth:20.4.0] AndroidManifest.xml:35:13-36
183            android:permission="com.google.android.gms.auth.api.signin.permission.REVOCATION_NOTIFICATION"
183-->[com.google.android.gms:play-services-auth:20.4.0] AndroidManifest.xml:36:13-107
184            android:visibleToInstantApps="true" />
184-->[com.google.android.gms:play-services-auth:20.4.0] AndroidManifest.xml:37:13-48
185
186        <activity
186-->[com.google.android.gms:play-services-base:18.0.1] AndroidManifest.xml:20:9-22:45
187            android:name="com.google.android.gms.common.api.GoogleApiActivity"
187-->[com.google.android.gms:play-services-base:18.0.1] AndroidManifest.xml:20:19-85
188            android:exported="false"
188-->[com.google.android.gms:play-services-base:18.0.1] AndroidManifest.xml:22:19-43
189            android:theme="@android:style/Theme.Translucent.NoTitleBar" />
189-->[com.google.android.gms:play-services-base:18.0.1] AndroidManifest.xml:21:19-78
190
191        <meta-data
191-->[com.google.android.gms:play-services-basement:18.1.0] AndroidManifest.xml:21:9-23:69
192            android:name="com.google.android.gms.version"
192-->[com.google.android.gms:play-services-basement:18.1.0] AndroidManifest.xml:22:13-58
193            android:value="@integer/google_play_services_version" />
193-->[com.google.android.gms:play-services-basement:18.1.0] AndroidManifest.xml:23:13-66
194
195        <activity
195-->[com.facebook.android:facebook-common:14.1.1] AndroidManifest.xml:34:9-37:66
196            android:name="com.facebook.FacebookActivity"
196-->[com.facebook.android:facebook-common:14.1.1] AndroidManifest.xml:35:13-57
197            android:configChanges="keyboard|keyboardHidden|screenLayout|screenSize|orientation"
197-->[com.facebook.android:facebook-common:14.1.1] AndroidManifest.xml:36:13-96
198            android:theme="@style/com_facebook_activity_theme" />
198-->[com.facebook.android:facebook-common:14.1.1] AndroidManifest.xml:37:13-63
199        <activity android:name="com.facebook.CustomTabMainActivity" />
199-->[com.facebook.android:facebook-common:14.1.1] AndroidManifest.xml:38:9-71
199-->[com.facebook.android:facebook-common:14.1.1] AndroidManifest.xml:38:19-68
200        <activity
200-->[com.facebook.android:facebook-common:14.1.1] AndroidManifest.xml:39:9-53:20
201            android:name="com.facebook.CustomTabActivity"
201-->[com.facebook.android:facebook-common:14.1.1] AndroidManifest.xml:40:13-58
202            android:exported="true" >
202-->[com.facebook.android:facebook-common:14.1.1] AndroidManifest.xml:41:13-36
203            <intent-filter>
203-->[com.facebook.android:facebook-common:14.1.1] AndroidManifest.xml:43:13-52:29
204                <action android:name="android.intent.action.VIEW" />
204-->[com.google.firebase:firebase-auth:21.1.0] AndroidManifest.xml:34:17-69
204-->[com.google.firebase:firebase-auth:21.1.0] AndroidManifest.xml:34:25-66
205
206                <category android:name="android.intent.category.DEFAULT" />
206-->[com.google.firebase:firebase-auth:21.1.0] AndroidManifest.xml:36:17-76
206-->[com.google.firebase:firebase-auth:21.1.0] AndroidManifest.xml:36:27-73
207                <category android:name="android.intent.category.BROWSABLE" />
207-->[com.google.firebase:firebase-auth:21.1.0] AndroidManifest.xml:37:17-78
207-->[com.google.firebase:firebase-auth:21.1.0] AndroidManifest.xml:37:27-75
208
209                <data
209-->[com.google.firebase:firebase-auth:21.1.0] AndroidManifest.xml:39:17-42:51
210                    android:host="cct.com.example.chatapp_firebase"
210-->[com.google.firebase:firebase-auth:21.1.0] AndroidManifest.xml:40:21-49
211                    android:scheme="fbconnect" />
211-->[com.google.firebase:firebase-auth:21.1.0] AndroidManifest.xml:42:21-48
212            </intent-filter>
213        </activity>
214        <!--
215         The initialization ContentProvider will call FacebookSdk.sdkInitialize automatically
216         with the application context. This config is merged in with the host app's manifest,
217         but there can only be one provider with the same authority activated at any given
218         point; so if the end user has two or more different apps that use Facebook SDK, only the
219         first one will be able to use the provider. To work around this problem, we use the
220         following placeholder in the authority to identify each host application as if it was
221         a completely different provider.
222        -->
223        <provider
223-->[com.facebook.android:facebook-core:14.1.1] AndroidManifest.xml:41:9-44:40
224            android:name="com.facebook.internal.FacebookInitProvider"
224-->[com.facebook.android:facebook-core:14.1.1] AndroidManifest.xml:42:13-70
225            android:authorities="com.example.chatapp_firebase.FacebookInitProvider"
225-->[com.facebook.android:facebook-core:14.1.1] AndroidManifest.xml:43:13-72
226            android:exported="false" />
226-->[com.facebook.android:facebook-core:14.1.1] AndroidManifest.xml:44:13-37
227
228        <receiver
228-->[com.facebook.android:facebook-core:14.1.1] AndroidManifest.xml:46:9-52:20
229            android:name="com.facebook.CurrentAccessTokenExpirationBroadcastReceiver"
229-->[com.facebook.android:facebook-core:14.1.1] AndroidManifest.xml:47:13-86
230            android:exported="false" >
230-->[com.facebook.android:facebook-core:14.1.1] AndroidManifest.xml:48:13-37
231            <intent-filter>
231-->[com.facebook.android:facebook-core:14.1.1] AndroidManifest.xml:49:13-51:29
232                <action android:name="com.facebook.sdk.ACTION_CURRENT_ACCESS_TOKEN_CHANGED" />
232-->[com.facebook.android:facebook-core:14.1.1] AndroidManifest.xml:50:17-95
232-->[com.facebook.android:facebook-core:14.1.1] AndroidManifest.xml:50:25-92
233            </intent-filter>
234        </receiver>
235        <receiver
235-->[com.facebook.android:facebook-core:14.1.1] AndroidManifest.xml:53:9-59:20
236            android:name="com.facebook.AuthenticationTokenManager$CurrentAuthenticationTokenChangedBroadcastReceiver"
236-->[com.facebook.android:facebook-core:14.1.1] AndroidManifest.xml:54:13-118
237            android:exported="false" >
237-->[com.facebook.android:facebook-core:14.1.1] AndroidManifest.xml:55:13-37
238            <intent-filter>
238-->[com.facebook.android:facebook-core:14.1.1] AndroidManifest.xml:56:13-58:29
239                <action android:name="com.facebook.sdk.ACTION_CURRENT_AUTHENTICATION_TOKEN_CHANGED" />
239-->[com.facebook.android:facebook-core:14.1.1] AndroidManifest.xml:57:17-103
239-->[com.facebook.android:facebook-core:14.1.1] AndroidManifest.xml:57:25-100
240            </intent-filter>
241        </receiver>
242    </application>
243
244</manifest>